<?xml version="1.0" encoding="UTF-8"?>
<!-- Generated by org.testng.reporters.JUnitXMLReporter -->
<testsuite ignored="12" hostname="Rudra-Heart" failures="0" tests="4" name="Tests_on_Emulator_Pixel_2" time="63.475" errors="0" timestamp="2023-08-05T13:36:50 IST">
  <testcase classname="com.appium.base.BaseTestMobile" name="@BeforeMethod beforeMethod" time="0.004">
    <failure type="java.lang.NullPointerException" message="Cannot invoke &amp;quot;io.appium.java_client.screenrecording.CanRecordScreen.startRecordingScreen()&amp;quot; because the return value of &amp;quot;com.appium.manager.DriverManager.getMobileDriver()&amp;quot; is null">
      <![CDATA[java.lang.NullPointerException: Cannot invoke "io.appium.java_client.screenrecording.CanRecordScreen.startRecordingScreen()" because the return value of "com.appium.manager.DriverManager.getMobileDriver()" is null
at com.driver.utils.VideoRecordUtils.startRecording(VideoRecordUtils.java:30)
at com.appium.base.BaseTestMobile.beforeMethod(BaseTestMobile.java:57)
at java.base/java.util.ArrayList.forEach(ArrayList.java:1511)
... Removed 31 stack frames]]>
    </failure>
  </testcase> <!-- @BeforeMethod beforeMethod -->
  <testcase classname="com.appium.tests.LoginTests" name="@BeforeMethod beforeMethod" time="-1.691222810675E9">
    <skipped/>
  </testcase> <!-- @BeforeMethod beforeMethod -->
  <testcase classname="com.appium.tests.LoginTests" name="@AfterMethod afterMethod" time="-1.691222810718E9">
    <skipped/>
  </testcase> <!-- @AfterMethod afterMethod -->
  <testcase classname="com.appium.base.BaseTestMobile" name="@AfterMethod afterMethod" time="-1.69122281072E9">
    <skipped/>
  </testcase> <!-- @AfterMethod afterMethod -->
  <testcase classname="com.appium.tests.LoginTests" name="@AfterClass afterClass" time="-1.691222810723E9">
    <skipped/>
  </testcase> <!-- @AfterClass afterClass -->
  <testcase classname="com.appium.base.BaseTestMobile" name="@BeforeMethod beforeMethod" time="0.0">
    <failure type="java.lang.NullPointerException" message="Cannot invoke &amp;quot;io.appium.java_client.screenrecording.CanRecordScreen.startRecordingScreen()&amp;quot; because the return value of &amp;quot;com.appium.manager.DriverManager.getMobileDriver()&amp;quot; is null">
      <![CDATA[java.lang.NullPointerException: Cannot invoke "io.appium.java_client.screenrecording.CanRecordScreen.startRecordingScreen()" because the return value of "com.appium.manager.DriverManager.getMobileDriver()" is null
at com.driver.utils.VideoRecordUtils.startRecording(VideoRecordUtils.java:30)
at com.appium.base.BaseTestMobile.beforeMethod(BaseTestMobile.java:57)
at java.base/java.util.ArrayList.forEach(ArrayList.java:1511)
... Removed 31 stack frames]]>
    </failure>
  </testcase> <!-- @BeforeMethod beforeMethod -->
  <testcase classname="com.appium.tests.CompanySettingsTests" name="@BeforeMethod beforeMethod" time="-1.69122281073E9">
    <skipped/>
  </testcase> <!-- @BeforeMethod beforeMethod -->
  <testcase classname="com.appium.tests.CompanySettingsTests" name="@AfterMethod afterMethod" time="-1.691222810738E9">
    <skipped/>
  </testcase> <!-- @AfterMethod afterMethod -->
  <testcase classname="com.appium.base.BaseTestMobile" name="@AfterMethod afterMethod" time="-1.69122281074E9">
    <skipped/>
  </testcase> <!-- @AfterMethod afterMethod -->
  <testcase classname="com.appium.tests.CompanySettingsTests" name="@AfterClass afterClass" time="-1.691222810741E9">
    <skipped/>
  </testcase> <!-- @AfterClass afterClass -->
  <testcase classname="com.appium.base.BaseTestMobile" name="@BeforeMethod beforeMethod" time="0.001">
    <failure type="java.lang.NullPointerException" message="Cannot invoke &amp;quot;io.appium.java_client.screenrecording.CanRecordScreen.startRecordingScreen()&amp;quot; because the return value of &amp;quot;com.appium.manager.DriverManager.getMobileDriver()&amp;quot; is null">
      <![CDATA[java.lang.NullPointerException: Cannot invoke "io.appium.java_client.screenrecording.CanRecordScreen.startRecordingScreen()" because the return value of "com.appium.manager.DriverManager.getMobileDriver()" is null
at com.driver.utils.VideoRecordUtils.startRecording(VideoRecordUtils.java:30)
at com.appium.base.BaseTestMobile.beforeMethod(BaseTestMobile.java:57)
at java.base/java.util.ArrayList.forEach(ArrayList.java:1511)
... Removed 31 stack frames]]>
    </failure>
  </testcase> <!-- @BeforeMethod beforeMethod -->
  <testcase classname="com.appium.tests.MyCompanyTests" name="@BeforeMethod beforeMethod" time="-1.691222810748E9">
    <skipped/>
  </testcase> <!-- @BeforeMethod beforeMethod -->
  <testcase classname="com.appium.tests.MyCompanyTests" name="@AfterMethod afterMethod" time="-1.691222810755E9">
    <skipped/>
  </testcase> <!-- @AfterMethod afterMethod -->
  <testcase classname="com.appium.base.BaseTestMobile" name="@AfterMethod afterMethod" time="-1.691222810756E9">
    <skipped/>
  </testcase> <!-- @AfterMethod afterMethod -->
  <testcase classname="com.appium.tests.MyCompanyTests" name="@AfterClass afterClass" time="-1.691222810757E9">
    <skipped/>
  </testcase> <!-- @AfterClass afterClass -->
  <testcase classname="com.appium.base.BaseTestMobile" name="@BeforeMethod beforeMethod" time="0.0">
    <failure type="java.lang.NullPointerException" message="Cannot invoke &amp;quot;io.appium.java_client.screenrecording.CanRecordScreen.startRecordingScreen()&amp;quot; because the return value of &amp;quot;com.appium.manager.DriverManager.getMobileDriver()&amp;quot; is null">
      <![CDATA[java.lang.NullPointerException: Cannot invoke "io.appium.java_client.screenrecording.CanRecordScreen.startRecordingScreen()" because the return value of "com.appium.manager.DriverManager.getMobileDriver()" is null
at com.driver.utils.VideoRecordUtils.startRecording(VideoRecordUtils.java:30)
at com.appium.base.BaseTestMobile.beforeMethod(BaseTestMobile.java:57)
at java.base/java.util.ArrayList.forEach(ArrayList.java:1511)
... Removed 31 stack frames]]>
    </failure>
  </testcase> <!-- @BeforeMethod beforeMethod -->
  <testcase classname="com.appium.tests.LogoutTests" name="@BeforeMethod beforeMethod" time="-1.69122281077E9">
    <skipped/>
  </testcase> <!-- @BeforeMethod beforeMethod -->
  <testcase classname="com.appium.tests.LogoutTests" name="@AfterMethod afterMethod" time="-1.691222810777E9">
    <skipped/>
  </testcase> <!-- @AfterMethod afterMethod -->
  <testcase classname="com.appium.base.BaseTestMobile" name="@AfterMethod afterMethod" time="-1.691222810778E9">
    <skipped/>
  </testcase> <!-- @AfterMethod afterMethod -->
  <testcase classname="com.appium.tests.LogoutTests" name="@AfterClass afterClass" time="-1.691222810779E9">
    <skipped/>
  </testcase> <!-- @AfterClass afterClass -->
  <testcase classname="com.appium.base.BaseTestMobile" name="@AfterTest afterTest" time="-1.691222810781E9">
    <skipped/>
  </testcase> <!-- @AfterTest afterTest -->
  <testcase classname="com.appium.tests.LoginTests" name="successfulLogin" time="0.0">
    <skipped/>
  </testcase> <!-- successfulLogin -->
  <testcase classname="com.appium.tests.CompanySettingsTests" name="UpdateComapnyAbout" time="0.0">
    <skipped/>
  </testcase> <!-- UpdateComapnyAbout -->
  <testcase classname="com.appium.tests.MyCompanyTests" name="checkUpdateComapnyAbout" time="0.0">
    <skipped/>
  </testcase> <!-- checkUpdateComapnyAbout -->
  <testcase classname="com.appium.tests.LogoutTests" name="logOutApplication" time="0.0">
    <skipped/>
  </testcase> <!-- logOutApplication -->
  <testcase classname="com.appium.base.BaseTestMobile" name="@BeforeTest beforeTest" time="0.0">
    <ignored/>
  </testcase> <!-- @BeforeTest beforeTest -->
  <testcase classname="com.appium.base.BaseTestMobile" name="@BeforeTest beforeTest" time="0.0">
    <ignored/>
  </testcase> <!-- @BeforeTest beforeTest -->
  <testcase classname="com.appium.base.BaseTestMobile" name="@BeforeTest beforeTest" time="0.0">
    <ignored/>
  </testcase> <!-- @BeforeTest beforeTest -->
  <testcase classname="com.appium.base.BaseTestMobile" name="@BeforeSuite beforeSuite" time="0.0">
    <ignored/>
  </testcase> <!-- @BeforeSuite beforeSuite -->
  <testcase classname="com.appium.base.BaseTestMobile" name="@BeforeSuite beforeSuite" time="0.0">
    <ignored/>
  </testcase> <!-- @BeforeSuite beforeSuite -->
  <testcase classname="com.appium.base.BaseTestMobile" name="@BeforeSuite beforeSuite" time="0.0">
    <ignored/>
  </testcase> <!-- @BeforeSuite beforeSuite -->
  <testcase classname="com.appium.base.BaseTestMobile" name="@AfterTest afterTest" time="0.0">
    <ignored/>
  </testcase> <!-- @AfterTest afterTest -->
  <testcase classname="com.appium.base.BaseTestMobile" name="@AfterTest afterTest" time="0.0">
    <ignored/>
  </testcase> <!-- @AfterTest afterTest -->
  <testcase classname="com.appium.base.BaseTestMobile" name="@AfterTest afterTest" time="0.0">
    <ignored/>
  </testcase> <!-- @AfterTest afterTest -->
  <testcase classname="com.appium.base.BaseTestMobile" name="@AfterSuite afterSuite" time="0.0">
    <ignored/>
  </testcase> <!-- @AfterSuite afterSuite -->
  <testcase classname="com.appium.base.BaseTestMobile" name="@AfterSuite afterSuite" time="0.0">
    <ignored/>
  </testcase> <!-- @AfterSuite afterSuite -->
  <testcase classname="com.appium.base.BaseTestMobile" name="@AfterSuite afterSuite" time="0.0">
    <ignored/>
  </testcase> <!-- @AfterSuite afterSuite -->
</testsuite> <!-- Tests_on_Emulator_Pixel_2 -->
